[0m[[0m[31merror[0m] [0m[0morg.apache.spark.sql.AnalysisException: [UNRESOLVED_COLUMN.WITH_SUGGESTION] A column or function parameter with name `Neighbourhood` cannot be resolved. Did you mean one of the following? [`Incident Datetime`, `Incident Date`, `Incident Time`, `Incident Day of Week`, `Report Datetime`, `Incident Category`, `Resolution`, `Police Districtï¿½`, `Analysis Neighborhood`, `Latitude`, `Longitude`].[0m
[0m[[0m[31merror[0m] [0m[0m	at org.apache.spark.sql.errors.QueryCompilationErrors$.unresolvedColumnWithSuggestionError(QueryCompilationErrors.scala:3110)[0m
[0m[[0m[31merror[0m] [0m[0m	at org.apache.spark.sql.errors.QueryCompilationErrors$.resolveException(QueryCompilationErrors.scala:3118)[0m
[0m[[0m[31merror[0m] [0m[0m	at org.apache.spark.sql.Dataset.$anonfun$resolve$1(Dataset.scala:251)[0m
[0m[[0m[31merror[0m] [0m[0m	at scala.Option.getOrElse(Option.scala:189)[0m
[0m[[0m[31merror[0m] [0m[0m	at org.apache.spark.sql.Dataset.resolve(Dataset.scala:251)[0m
[0m[[0m[31merror[0m] [0m[0m	at org.apache.spark.sql.Dataset.$anonfun$groupBy$2(Dataset.scala:1811)[0m
[0m[[0m[31merror[0m] [0m[0m	at scala.collection.TraversableLike.$anonfun$map$1(TraversableLike.scala:286)[0m
[0m[[0m[31merror[0m] [0m[0m	at scala.collection.mutable.ResizableArray.foreach(ResizableArray.scala:62)[0m
[0m[[0m[31merror[0m] [0m[0m	at scala.collection.mutable.ResizableArray.foreach$(ResizableArray.scala:55)[0m
[0m[[0m[31merror[0m] [0m[0m	at scala.collection.mutable.ArrayBuffer.foreach(ArrayBuffer.scala:49)[0m
[0m[[0m[31merror[0m] [0m[0m	at scala.collection.TraversableLike.map(TraversableLike.scala:286)[0m
[0m[[0m[31merror[0m] [0m[0m	at scala.collection.TraversableLike.map$(TraversableLike.scala:279)[0m
[0m[[0m[31merror[0m] [0m[0m	at scala.collection.AbstractTraversable.map(Traversable.scala:108)[0m
[0m[[0m[31merror[0m] [0m[0m	at org.apache.spark.sql.Dataset.groupBy(Dataset.scala:1811)[0m
[0m[[0m[31merror[0m] [0m[0m	at scrip$.main(scrip.scala:145)[0m
[0m[[0m[31merror[0m] [0m[0m	at scrip.main(scrip.scala)[0m
[0m[[0m[31merror[0m] [0m[0m	at java.base/jdk.internal.reflect.NativeMethodAccessorImpl.invoke0(Native Method)[0m
[0m[[0m[31merror[0m] [0m[0m	at java.base/jdk.internal.reflect.NativeMethodAccessorImpl.invoke(NativeMethodAccessorImpl.java:62)[0m
[0m[[0m[31merror[0m] [0m[0m	at java.base/jdk.internal.reflect.DelegatingMethodAccessorImpl.invoke(DelegatingMethodAccessorImpl.java:43)[0m
[0m[[0m[31merror[0m] [0m[0m	at java.base/java.lang.reflect.Method.invoke(Method.java:566)[0m
[0m[[0m[31merror[0m] [0m[0m	at sbt.Run.invokeMain(Run.scala:144)[0m
[0m[[0m[31merror[0m] [0m[0m	at sbt.Run.execute$1(Run.scala:94)[0m
[0m[[0m[31merror[0m] [0m[0m	at sbt.Run.$anonfun$runWithLoader$5(Run.scala:121)[0m
[0m[[0m[31merror[0m] [0m[0m	at sbt.Run$.executeSuccess(Run.scala:187)[0m
[0m[[0m[31merror[0m] [0m[0m	at sbt.Run.runWithLoader(Run.scala:121)[0m
[0m[[0m[31merror[0m] [0m[0m	at sbt.Defaults$.$anonfun$bgRunTask$6(Defaults.scala:2038)[0m
[0m[[0m[31merror[0m] [0m[0m	at sbt.Defaults$.$anonfun$termWrapper$2(Defaults.scala:1977)[0m
[0m[[0m[31merror[0m] [0m[0m	at scala.runtime.java8.JFunction0$mcV$sp.apply(JFunction0$mcV$sp.java:23)[0m
[0m[[0m[31merror[0m] [0m[0m	at scala.util.Try$.apply(Try.scala:213)[0m
[0m[[0m[31merror[0m] [0m[0m	at sbt.internal.BackgroundThreadPool$BackgroundRunnable.run(DefaultBackgroundJobService.scala:367)[0m
[0m[[0m[31merror[0m] [0m[0m	at java.base/java.util.concurrent.ThreadPoolExecutor.runWorker(ThreadPoolExecutor.java:1128)[0m
[0m[[0m[31merror[0m] [0m[0m	at java.base/java.util.concurrent.ThreadPoolExecutor$Worker.run(ThreadPoolExecutor.java:628)[0m
[0m[[0m[31merror[0m] [0m[0m	at java.base/java.lang.Thread.run(Thread.java:829)[0m
[0m[[0m[31merror[0m] [0m[0m(Compile / [31mrun[0m) org.apache.spark.sql.AnalysisException: [UNRESOLVED_COLUMN.WITH_SUGGESTION] A column or function parameter with name `Neighbourhood` cannot be resolved. Did you mean one of the following? [`Incident Datetime`, `Incident Date`, `Incident Time`, `Incident Day of Week`, `Report Datetime`, `Incident Category`, `Resolution`, `Police Districtï¿½`, `Analysis Neighborhood`, `Latitude`, `Longitude`].[0m
